<?xml version="1.0" encoding="UTF-8"?>
<!-- Generated by org.testng.reporters.JUnitXMLReporter -->
<testsuite hostname="sefikas-MacBook-Pro.local" ignored="0" name="Google Test" tests="4" failures="0" timestamp="2020-08-03T21:03:53 PDT" time="10.135" errors="0">
  <testcase name="googleTitleTest_4" time="6.571" classname="com.mytests.GoogleTest"/>
  <testcase name="googleTitleTest_2" time="6.72" classname="com.mytests.GoogleTest"/>
  <testcase name="googleTitleTest_3" time="5.019" classname="com.mytests.GoogleTest"/>
  <testcase name="googleTitleTest_1" time="4.587" classname="com.mytests.GoogleTest"/>
</testsuite> <!-- Google Test -->
